Arguments: 
  C:\Program Files\nodejs\node.exe C:\Users\keket\AppData\Roaming\npm\node_modules\yarn\bin\yarn.js add react-bootstrap bootstrap

PATH: 
  C:\Users\keket\bin;C:\Program Files\Git\mingw64\bin;C:\Program Files\Git\usr\local\bin;C:\Program Files\Git\usr\bin;C:\Program Files\Git\usr\bin;C:\Program Files\Git\mingw64\bin;C:\Program Files\Git\usr\bin;C:\Users\keket\bin;C:\Program Files (x86)\Common Files\Intel\Shared Libraries\redist\intel64\compiler;C:\Windows\system32;C:\Windows;C:\Windows\System32\Wbem;C:\Windows\System32\WindowsPowerShell\v1.0;C:\Windows\System32\OpenSSH;C:\Program Files (x86)\NVIDIA Corporation\PhysX\Common;C:\Program Files\NVIDIA Corporation\NVIDIA NvDLISR;C:\Program Files\Git\cmd;C:\Program Files\nodejs;C:\HashiCorp\Vagrant\bin;C:\Users\keket\AppData\Local\Microsoft\WindowsApps;C:\Users\keket\AppData\Local\Programs\Microsoft VS Code\bin;C:\Users\keket\AppData\Roaming\npm;C:\Users\keket\AppData\Local\GitHubDesktop\bin;C:\Program Files\Git\usr\bin\vendor_perl;C:\Program Files\Git\usr\bin\core_perl

Yarn version: 
  1.22.19

Node version: 
  16.16.0

Platform: 
  win32 x64

Trace: 
  Error: EPERM: operation not permitted, unlink 'C:\Users\keket\OneDrive\Desktop\Gatsby\mlab_website\node_modules\@lmdb\lmdb-win32-x64\node.abi93.node'

npm manifest: 
  {
    "name": "mlab_website",
    "version": "1.0.0",
    "private": true,
    "description": "mlab_website",
    "author": "Keketso Matsuma",
    "keywords": [
      "gatsby"
    ],
    "scripts": {
      "develop": "gatsby develop",
      "start": "gatsby develop",
      "build": "gatsby build",
      "serve": "gatsby serve",
      "clean": "gatsby clean"
    },
    "dependencies": {
      "@mdx-js/mdx": "^1.6.22",
      "@mdx-js/react": "^1.6.22",
      "gatsby": "^4.19.0",
      "gatsby-plugin-image": "^2.19.0",
      "gatsby-plugin-manifest": "^4.19.0",
      "gatsby-plugin-mdx": "^3.19.0",
      "gatsby-plugin-netlify-cms": "^6.19.0",
      "gatsby-plugin-react-helmet": "^5.19.0",
      "gatsby-plugin-sass": "^5.19.0",
      "gatsby-plugin-sharp": "^4.19.0",
      "gatsby-plugin-sitemap": "^5.19.0",
      "gatsby-source-filesystem": "^4.19.0",
      "gatsby-transformer-sharp": "^4.19.0",
      "netlify-cms-app": "^2.15.72",
      "react": "^18.1.0",
      "react-dom": "^18.1.0",
      "react-helmet": "^6.1.0",
      "sass": "^1.53.0"
    }
  }

yarn manifest: 
  No manifest

Lockfile: 
  No lockfile
